Performing C SOURCE FILE Test CMAKE_HAVE_LIBC_PTHREAD failed with the following output:
Change Dir: /home/jade/course_work/CG/assignment1/cmake-build-run/CMakeFiles/CMakeTmp

Run Build Command(s):/opt/clion/bin/ninja/linux/ninja cmTC_7304b && [1/2] Building C object CMakeFiles/cmTC_7304b.dir/src.c.o
[2/2] Linking C executable cmTC_7304b
FAILED: cmTC_7304b 
: && /usr/bin/cc   CMakeFiles/cmTC_7304b.dir/src.c.o -o cmTC_7304b   && :
/usr/bin/ld: CMakeFiles/cmTC_7304b.dir/src.c.o: in function `main':
src.c:(.text+0x3e): undefined reference to `pthread_create'
/usr/bin/ld: src.c:(.text+0x4a): undefined reference to `pthread_detach'
/usr/bin/ld: src.c:(.text+0x56): undefined reference to `pthread_cancel'
/usr/bin/ld: src.c:(.text+0x67): undefined reference to `pthread_join'
collect2: error: ld returned 1 exit status
ninja: build stopped: subcommand failed.


Source file was:
#include <pthread.h>

static void* test_func(void* data)
{
  return data;
}

int main(void)
{
  pthread_t thread;
  pthread_create(&thread, NULL, test_func, NULL);
  pthread_detach(thread);
  pthread_cancel(thread);
  pthread_join(thread, NULL);
  pthread_atfork(NULL, NULL, NULL);
  pthread_exit(NULL);

  return 0;
}

Determining if the function pthread_create exists in the pthreads failed with the following output:
Change Dir: /home/jade/course_work/CG/assignment1/cmake-build-run/CMakeFiles/CMakeTmp

Run Build Command(s):/opt/clion/bin/ninja/linux/ninja cmTC_2432b && [1/2] Building C object CMakeFiles/cmTC_2432b.dir/CheckFunctionExists.c.o
[2/2] Linking C executable cmTC_2432b
FAILED: cmTC_2432b 
: && /usr/bin/cc -DCHECK_FUNCTION_EXISTS=pthread_create  CMakeFiles/cmTC_2432b.dir/CheckFunctionExists.c.o -o cmTC_2432b  -lpthreads && :
/usr/bin/ld: cannot find -lpthreads
collect2: error: ld returned 1 exit status
ninja: build stopped: subcommand failed.



